<?xml version="1.0" encoding="UTF-8"?>
<!-- Generated by org.testng.reporters.JUnitXMLReporter -->
<testsuite ignored="4" hostname="DESKTOP-O037IOL" failures="0" tests="1" name="Default test" time="14.4" errors="0" timestamp="2023-12-02T19:58:12 MST">
  <testcase classname="com.crm.qa.testcases.HomePageTest" name="validateUserNameDisplay" time="1.603"/>
  <testcase classname="com.crm.qa.testcases.HomePageTest" name="validateTasksLink" time="0.0">
    <ignored/>
  </testcase> <!-- validateTasksLink -->
  <testcase classname="com.crm.qa.testcases.HomePageTest" name="validateDealsLink" time="0.0">
    <ignored/>
  </testcase> <!-- validateDealsLink -->
  <testcase classname="com.crm.qa.testcases.HomePageTest" name="validatehomePageTitleTest" time="0.0">
    <ignored/>
  </testcase> <!-- validatehomePageTitleTest -->
  <testcase classname="com.crm.qa.testcases.HomePageTest" name="validateContactsLink" time="0.0">
    <ignored/>
  </testcase> <!-- validateContactsLink -->
</testsuite> <!-- Default test -->
