<?xml version="1.0" encoding="UTF-8"?>
<testng-results ignored="4" total="5" passed="1" failed="0" skipped="0">
  <reporter-output>
  </reporter-output>
  <suite started-at="2023-12-02T19:57:57 MST" name="Default suite" finished-at="2023-12-02T19:58:12 MST" duration-ms="14400">
    <groups>
    </groups>
    <test started-at="2023-12-02T19:57:57 MST" name="Default test" finished-at="2023-12-02T19:58:12 MST" duration-ms="14400">
      <class name="com.crm.qa.testcases.HomePageTest">
        <test-method is-config="true" signature="setUp()[pri:0, instance:com.crm.qa.testcases.HomePageTest@2205a05d]" started-at="2023-12-02T19:57:57 MST" name="setUp" finished-at="2023-12-02T19:58:10 MST" duration-ms="12584" status="PASS">
          <reporter-output>
          </reporter-output>
        </test-method> <!-- setUp -->
        <test-method signature="validateUserNameDisplay()[pri:2, instance:com.crm.qa.testcases.HomePageTest@2205a05d]" started-at="2023-12-02T19:58:10 MST" name="validateUserNameDisplay" finished-at="2023-12-02T19:58:12 MST" duration-ms="1603" status="PASS">
          <reporter-output>
          </reporter-output>
        </test-method> <!-- validateUserNameDisplay -->
        <test-method is-config="true" signature="tearDown()[pri:0, instance:com.crm.qa.testcases.HomePageTest@2205a05d]" started-at="2023-12-02T19:58:12 MST" name="tearDown" finished-at="2023-12-02T19:58:12 MST" duration-ms="189" status="PASS">
          <reporter-output>
          </reporter-output>
        </test-method> <!-- tearDown -->
      </class> <!-- com.crm.qa.testcases.HomePageTest -->
    </test> <!-- Default test -->
  </suite> <!-- Default suite -->
</testng-results>
